Logfile initialized
[INFO] logfile = /Users/danielmaceira/Documents/Android/Titanium Projects/EvernoteFamilyBook/build.log
[DEBUG] /Users/danielmaceira/Library/Application Support/Titanium/mobilesdk/osx/2.1.2.GA/android/builder.py install EvernoteFamilyBook /Users/danielmaceira/Documents/Android/android-sdk-macosx /Users/danielmaceira/Documents/Android/Titanium Projects/EvernoteFamilyBook com.evernotehackathon.EvernoteFamilyBook 9
[INFO] Titanium SDK version: 2.1.2 (08/24/12 14:46 ed7f777)
[DEBUG] Waiting for device to be ready ...
[TRACE] adb devices returned 1 devices/emulators
[DEBUG] Device connected... (waited 0 seconds)
[DEBUG] waited 0.013242 seconds on emulator to get ready
[DEBUG] com.evernotehackathon.EvernoteFamilyBook installed? False
[INFO] Copying CommonJS modules...
[INFO] Copying project resources..
[INFO] Detected change in tiapp.xml, or assets deleted. Forcing full re-build...
[TRACE] COPYING CREATED FILE: /Users/danielmaceira/Documents/Android/Titanium Projects/EvernoteFamilyBook/Resources/android/appicon.png => /Users/danielmaceira/Documents/Android/Titanium Projects/EvernoteFamilyBook/build/android/bin/assets/Resources/appicon.png
[TRACE] COPYING CREATED FILE: /Users/danielmaceira/Documents/Android/Titanium Projects/EvernoteFamilyBook/Resources/android/default.png => /Users/danielmaceira/Documents/Android/Titanium Projects/EvernoteFamilyBook/build/android/bin/assets/Resources/default.png
[TRACE] COPYING CREATED FILE: /Users/danielmaceira/Documents/Android/Titanium Projects/EvernoteFamilyBook/Resources/app.js => /Users/danielmaceira/Documents/Android/Titanium Projects/EvernoteFamilyBook/build/android/bin/assets/Resources/app.js
[TRACE] COPYING CREATED FILE: /Users/danielmaceira/Documents/Android/Titanium Projects/EvernoteFamilyBook/Resources/image/add-photo.png => /Users/danielmaceira/Documents/Android/Titanium Projects/EvernoteFamilyBook/build/android/bin/assets/Resources/image/add-photo.png
[TRACE] COPYING CREATED FILE: /Users/danielmaceira/Documents/Android/Titanium Projects/EvernoteFamilyBook/Resources/KS_nav_ui.png => /Users/danielmaceira/Documents/Android/Titanium Projects/EvernoteFamilyBook/build/android/bin/assets/Resources/KS_nav_ui.png
[TRACE] COPYING CREATED FILE: /Users/danielmaceira/Documents/Android/Titanium Projects/EvernoteFamilyBook/Resources/KS_nav_views.png => /Users/danielmaceira/Documents/Android/Titanium Projects/EvernoteFamilyBook/build/android/bin/assets/Resources/KS_nav_views.png
[TRACE] COPYING CREATED FILE: /Users/danielmaceira/Documents/Android/Titanium Projects/EvernoteFamilyBook/Resources/scripts/date.js => /Users/danielmaceira/Documents/Android/Titanium Projects/EvernoteFamilyBook/build/android/bin/assets/Resources/scripts/date.js
[TRACE] COPYING CREATED FILE: /Users/danielmaceira/Documents/Android/Titanium Projects/EvernoteFamilyBook/Resources/scripts/sha-aws.js => /Users/danielmaceira/Documents/Android/Titanium Projects/EvernoteFamilyBook/build/android/bin/assets/Resources/scripts/sha-aws.js
[TRACE] COPYING CREATED FILE: /Users/danielmaceira/Documents/Android/Titanium Projects/EvernoteFamilyBook/Resources/scripts/UTF8.js => /Users/danielmaceira/Documents/Android/Titanium Projects/EvernoteFamilyBook/build/android/bin/assets/Resources/scripts/UTF8.js
[TRACE] COPYING CREATED FILE: /Users/danielmaceira/Documents/Android/Titanium Projects/EvernoteFamilyBook/Resources/scripts/utils.js => /Users/danielmaceira/Documents/Android/Titanium Projects/EvernoteFamilyBook/build/android/bin/assets/Resources/scripts/utils.js
[TRACE] COPYING CREATED FILE: /Users/danielmaceira/Documents/Android/Titanium Projects/EvernoteFamilyBook/Resources/scripts/validation.js => /Users/danielmaceira/Documents/Android/Titanium Projects/EvernoteFamilyBook/build/android/bin/assets/Resources/scripts/validation.js
[TRACE] COPYING CREATED FILE: /Users/danielmaceira/Documents/Android/Titanium Projects/EvernoteFamilyBook/Resources/ui/common/DetailView.js => /Users/danielmaceira/Documents/Android/Titanium Projects/EvernoteFamilyBook/build/android/bin/assets/Resources/ui/common/DetailView.js
[TRACE] COPYING CREATED FILE: /Users/danielmaceira/Documents/Android/Titanium Projects/EvernoteFamilyBook/Resources/ui/common/MasterView.js => /Users/danielmaceira/Documents/Android/Titanium Projects/EvernoteFamilyBook/build/android/bin/assets/Resources/ui/common/MasterView.js
[TRACE] COPYING CREATED FILE: /Users/danielmaceira/Documents/Android/Titanium Projects/EvernoteFamilyBook/Resources/ui/handheld/android/ApplicationWindow.js => /Users/danielmaceira/Documents/Android/Titanium Projects/EvernoteFamilyBook/build/android/bin/assets/Resources/ui/handheld/android/ApplicationWindow.js
[TRACE] COPYING CREATED FILE: /Users/danielmaceira/Documents/Android/Titanium Projects/EvernoteFamilyBook/Resources/ui/handheld/ios/ApplicationWindow.js => /Users/danielmaceira/Documents/Android/Titanium Projects/EvernoteFamilyBook/build/android/bin/assets/Resources/ui/handheld/ios/ApplicationWindow.js
[TRACE] COPYING CREATED FILE: /Users/danielmaceira/Documents/Android/Titanium Projects/EvernoteFamilyBook/Resources/ui/handheld/mobileweb/ApplicationWindow.js => /Users/danielmaceira/Documents/Android/Titanium Projects/EvernoteFamilyBook/build/android/bin/assets/Resources/ui/handheld/mobileweb/ApplicationWindow.js
[TRACE] COPYING CREATED FILE: /Users/danielmaceira/Documents/Android/Titanium Projects/EvernoteFamilyBook/Resources/ui/tablet/ActionBarView.js => /Users/danielmaceira/Documents/Android/Titanium Projects/EvernoteFamilyBook/build/android/bin/assets/Resources/ui/tablet/ActionBarView.js
[TRACE] COPYING CREATED FILE: /Users/danielmaceira/Documents/Android/Titanium Projects/EvernoteFamilyBook/Resources/ui/tablet/AddFamily.js => /Users/danielmaceira/Documents/Android/Titanium Projects/EvernoteFamilyBook/build/android/bin/assets/Resources/ui/tablet/AddFamily.js
[TRACE] COPYING CREATED FILE: /Users/danielmaceira/Documents/Android/Titanium Projects/EvernoteFamilyBook/Resources/ui/tablet/ApplicationWindow.js => /Users/danielmaceira/Documents/Android/Titanium Projects/EvernoteFamilyBook/build/android/bin/assets/Resources/ui/tablet/ApplicationWindow.js
[TRACE] COPYING CREATED FILE: /Users/danielmaceira/Documents/Android/Titanium Projects/EvernoteFamilyBook/Resources/ui/tablet/EvernoteAddNote.js => /Users/danielmaceira/Documents/Android/Titanium Projects/EvernoteFamilyBook/build/android/bin/assets/Resources/ui/tablet/EvernoteAddNote.js
[TRACE] COPYING CREATED FILE: /Users/danielmaceira/Documents/Android/Titanium Projects/EvernoteFamilyBook/Resources/ui/tablet/EvernoteTimeline.js => /Users/danielmaceira/Documents/Android/Titanium Projects/EvernoteFamilyBook/build/android/bin/assets/Resources/ui/tablet/EvernoteTimeline.js
[TRACE] COPYING CREATED FILE: /Users/danielmaceira/Documents/Android/Titanium Projects/EvernoteFamilyBook/Resources/ui/tablet/HomeView.js => /Users/danielmaceira/Documents/Android/Titanium Projects/EvernoteFamilyBook/build/android/bin/assets/Resources/ui/tablet/HomeView.js
[TRACE] Generating Java Classes
[DEBUG] Processing Android resource drawables
[DEBUG] app stylesheet => /Users/danielmaceira/Documents/Android/Titanium Projects/EvernoteFamilyBook/build/android/gen/com/evernotehackathon/EvernoteFamilyBook/ApplicationStylesheet.java
[DEBUG] copying app icon: /Users/danielmaceira/Documents/Android/Titanium Projects/EvernoteFamilyBook/build/android/bin/assets/Resources/appicon.png
[DEBUG] generating theme.xml
[DEBUG] found drawable-long-land-hdpi splash screen at /Users/danielmaceira/Documents/Android/Titanium Projects/EvernoteFamilyBook/Resources/android/images/res-long-land-hdpi/default.png
[DEBUG] copying /Users/danielmaceira/Documents/Android/Titanium Projects/EvernoteFamilyBook/Resources/android/images/res-long-land-hdpi/default.png splash screen to /Users/danielmaceira/Documents/Android/Titanium Projects/EvernoteFamilyBook/build/android/res/drawable-long-land-hdpi/background.png
[DEBUG] found drawable-long-land-ldpi splash screen at /Users/danielmaceira/Documents/Android/Titanium Projects/EvernoteFamilyBook/Resources/android/images/res-long-land-ldpi/default.png
[DEBUG] copying /Users/danielmaceira/Documents/Android/Titanium Projects/EvernoteFamilyBook/Resources/android/images/res-long-land-ldpi/default.png splash screen to /Users/danielmaceira/Documents/Android/Titanium Projects/EvernoteFamilyBook/build/android/res/drawable-long-land-ldpi/background.png
[DEBUG] found drawable-long-port-hdpi splash screen at /Users/danielmaceira/Documents/Android/Titanium Projects/EvernoteFamilyBook/Resources/android/images/res-long-port-hdpi/default.png
[DEBUG] copying /Users/danielmaceira/Documents/Android/Titanium Projects/EvernoteFamilyBook/Resources/android/images/res-long-port-hdpi/default.png splash screen to /Users/danielmaceira/Documents/Android/Titanium Projects/EvernoteFamilyBook/build/android/res/drawable-long-port-hdpi/background.png
[DEBUG] found drawable-long-port-ldpi splash screen at /Users/danielmaceira/Documents/Android/Titanium Projects/EvernoteFamilyBook/Resources/android/images/res-long-port-ldpi/default.png
[DEBUG] copying /Users/danielmaceira/Documents/Android/Titanium Projects/EvernoteFamilyBook/Resources/android/images/res-long-port-ldpi/default.png splash screen to /Users/danielmaceira/Documents/Android/Titanium Projects/EvernoteFamilyBook/build/android/res/drawable-long-port-ldpi/background.png
[DEBUG] found drawable-notlong-land-hdpi splash screen at /Users/danielmaceira/Documents/Android/Titanium Projects/EvernoteFamilyBook/Resources/android/images/res-notlong-land-hdpi/default.png
[DEBUG] copying /Users/danielmaceira/Documents/Android/Titanium Projects/EvernoteFamilyBook/Resources/android/images/res-notlong-land-hdpi/default.png splash screen to /Users/danielmaceira/Documents/Android/Titanium Projects/EvernoteFamilyBook/build/android/res/drawable-notlong-land-hdpi/background.png
[DEBUG] found drawable-notlong-land-ldpi splash screen at /Users/danielmaceira/Documents/Android/Titanium Projects/EvernoteFamilyBook/Resources/android/images/res-notlong-land-ldpi/default.png
[DEBUG] copying /Users/danielmaceira/Documents/Android/Titanium Projects/EvernoteFamilyBook/Resources/android/images/res-notlong-land-ldpi/default.png splash screen to /Users/danielmaceira/Documents/Android/Titanium Projects/EvernoteFamilyBook/build/android/res/drawable-notlong-land-ldpi/background.png
[DEBUG] found drawable-notlong-land-mdpi splash screen at /Users/danielmaceira/Documents/Android/Titanium Projects/EvernoteFamilyBook/Resources/android/images/res-notlong-land-mdpi/default.png
[DEBUG] copying /Users/danielmaceira/Documents/Android/Titanium Projects/EvernoteFamilyBook/Resources/android/images/res-notlong-land-mdpi/default.png splash screen to /Users/danielmaceira/Documents/Android/Titanium Projects/EvernoteFamilyBook/build/android/res/drawable-notlong-land-mdpi/background.png
[DEBUG] found drawable-notlong-port-hdpi splash screen at /Users/danielmaceira/Documents/Android/Titanium Projects/EvernoteFamilyBook/Resources/android/images/res-notlong-port-hdpi/default.png
[DEBUG] copying /Users/danielmaceira/Documents/Android/Titanium Projects/EvernoteFamilyBook/Resources/android/images/res-notlong-port-hdpi/default.png splash screen to /Users/danielmaceira/Documents/Android/Titanium Projects/EvernoteFamilyBook/build/android/res/drawable-notlong-port-hdpi/background.png
[DEBUG] found drawable-notlong-port-ldpi splash screen at /Users/danielmaceira/Documents/Android/Titanium Projects/EvernoteFamilyBook/Resources/android/images/res-notlong-port-ldpi/default.png
[DEBUG] copying /Users/danielmaceira/Documents/Android/Titanium Projects/EvernoteFamilyBook/Resources/android/images/res-notlong-port-ldpi/default.png splash screen to /Users/danielmaceira/Documents/Android/Titanium Projects/EvernoteFamilyBook/build/android/res/drawable-notlong-port-ldpi/background.png
[DEBUG] found drawable-notlong-port-mdpi splash screen at /Users/danielmaceira/Documents/Android/Titanium Projects/EvernoteFamilyBook/Resources/android/images/res-notlong-port-mdpi/default.png
[DEBUG] copying /Users/danielmaceira/Documents/Android/Titanium Projects/EvernoteFamilyBook/Resources/android/images/res-notlong-port-mdpi/default.png splash screen to /Users/danielmaceira/Documents/Android/Titanium Projects/EvernoteFamilyBook/build/android/res/drawable-notlong-port-mdpi/background.png
[DEBUG] found splash screen at /Users/danielmaceira/Documents/Android/Titanium Projects/EvernoteFamilyBook/build/android/bin/assets/Resources/default.png
[TRACE] Writing out AndroidManifest.xml
[DEBUG] adding /Users/danielmaceira/Documents/Android/Titanium Projects/EvernoteFamilyBook/build/android/gen/com/evernotehackathon/EvernoteFamilyBook/ApplicationStylesheet.java to javac build list
[DEBUG] adding /Users/danielmaceira/Documents/Android/Titanium Projects/EvernoteFamilyBook/build/android/gen/com/evernotehackathon/EvernoteFamilyBook/EvernotefamilybookActivity.java to javac build list
[DEBUG] adding /Users/danielmaceira/Documents/Android/Titanium Projects/EvernoteFamilyBook/build/android/gen/com/evernotehackathon/EvernoteFamilyBook/EvernotefamilybookAppInfo.java to javac build list
[DEBUG] adding /Users/danielmaceira/Documents/Android/Titanium Projects/EvernoteFamilyBook/build/android/gen/com/evernotehackathon/EvernoteFamilyBook/EvernotefamilybookApplication.java to javac build list
[DEBUG] adding /Users/danielmaceira/Documents/Android/Titanium Projects/EvernoteFamilyBook/build/android/gen/com/evernotehackathon/EvernoteFamilyBook/R.java to javac build list
[DEBUG] Building Java Sources: "/Users/danielmaceira/Documents/Android/Titanium Projects/EvernoteFamilyBook/build/android/gen/com/evernotehackathon/EvernoteFamilyBook/ApplicationStylesheet.java" "/Users/danielmaceira/Documents/Android/Titanium Projects/EvernoteFamilyBook/build/android/gen/com/evernotehackathon/EvernoteFamilyBook/EvernotefamilybookActivity.java" "/Users/danielmaceira/Documents/Android/Titanium Projects/EvernoteFamilyBook/build/android/gen/com/evernotehackathon/EvernoteFamilyBook/EvernotefamilybookAppInfo.java" "/Users/danielmaceira/Documents/Android/Titanium Projects/EvernoteFamilyBook/build/android/gen/com/evernotehackathon/EvernoteFamilyBook/EvernotefamilybookApplication.java" "/Users/danielmaceira/Documents/Android/Titanium Projects/EvernoteFamilyBook/build/android/gen/com/evernotehackathon/EvernoteFamilyBook/R.java"
[INFO] Compiling Android Resources... This could take some time
[DEBUG] Android classes.dex built
[DEBUG] creating unsigned apk: /Users/danielmaceira/Documents/Android/Titanium Projects/EvernoteFamilyBook/build/android/bin/app-unsigned.apk
[DEBUG] from resource zip => assets/Resources/image/add-photo.png
[DEBUG] from resource zip => assets/Resources/scripts/UTF8.js
[DEBUG] from resource zip => assets/Resources/scripts/date.js
[DEBUG] from resource zip => assets/Resources/scripts/sha-aws.js
[DEBUG] from resource zip => assets/Resources/scripts/utils.js
[DEBUG] from resource zip => assets/Resources/scripts/validation.js
[DEBUG] from resource zip => assets/Resources/ui/common/DetailView.js
[DEBUG] from resource zip => assets/Resources/ui/common/MasterView.js
[DEBUG] from resource zip => assets/Resources/ui/handheld/android/ApplicationWindow.js
[DEBUG] from resource zip => assets/Resources/ui/handheld/ios/ApplicationWindow.js
[DEBUG] from resource zip => assets/Resources/ui/handheld/mobileweb/ApplicationWindow.js
[DEBUG] from resource zip => assets/Resources/ui/tablet/ActionBarView.js
[DEBUG] from resource zip => assets/Resources/ui/tablet/AddFamily.js
[DEBUG] from resource zip => assets/Resources/ui/tablet/ApplicationWindow.js
[DEBUG] from resource zip => assets/Resources/ui/tablet/EvernoteAddNote.js
[DEBUG] from resource zip => assets/Resources/ui/tablet/EvernoteTimeline.js
[DEBUG] from resource zip => assets/Resources/ui/tablet/HomeView.js
[DEBUG] from resource zip => assets/Resources/KS_nav_ui.png
[DEBUG] from resource zip => assets/Resources/KS_nav_views.png
[DEBUG] from resource zip => assets/Resources/app.js
[DEBUG] from resource zip => assets/Resources/appicon.png
[DEBUG] from resource zip => assets/Resources/default.png
[DEBUG] from resource zip => assets/app.json
[DEBUG] from resource zip => assets/index.json
[DEBUG] from resource zip => assets/tiapp.xml
[DEBUG] from resource zip => res/drawable/appicon.png
[DEBUG] from resource zip => res/drawable/background.png
[DEBUG] from resource zip => res/layout/titanium_tabgroup.xml
[DEBUG] from resource zip => AndroidManifest.xml
[DEBUG] from resource zip => resources.arsc
[DEBUG] from resource zip => res/drawable-long-land-hdpi/background.png
[DEBUG] from resource zip => res/drawable-long-land-ldpi/background.png
[DEBUG] from resource zip => res/drawable-long-port-hdpi/background.png
[DEBUG] from resource zip => res/drawable-long-port-ldpi/background.png
[DEBUG] from resource zip => res/drawable-notlong-land-hdpi/background.png
[DEBUG] from resource zip => res/drawable-notlong-land-ldpi/background.png
[DEBUG] from resource zip => res/drawable-notlong-land-mdpi/background.png
[DEBUG] from resource zip => res/drawable-notlong-port-hdpi/background.png
[DEBUG] from resource zip => res/drawable-notlong-port-ldpi/background.png
[DEBUG] from resource zip => res/drawable-notlong-port-mdpi/background.png
[DEBUG] from JAR /Users/danielmaceira/Library/Application Support/Titanium/mobilesdk/osx/2.1.2.GA/android/thirdparty.jar => org/apache/Commons-NOTICE.txt
[DEBUG] from JAR /Users/danielmaceira/Library/Application Support/Titanium/mobilesdk/osx/2.1.2.GA/android/thirdparty.jar => org/apache/HttpComponents-NOTICE.txt
[DEBUG] from JAR /Users/danielmaceira/Library/Application Support/Titanium/mobilesdk/osx/2.1.2.GA/android/thirdparty.jar => org/apache/mime4j-NOTICE.txt
[DEBUG] from JAR /Users/danielmaceira/Library/Application Support/Titanium/mobilesdk/osx/2.1.2.GA/android/modules/titanium-ui.jar => ti/modules/titanium/ui/widget/webview/binding.js
[DEBUG] from JAR /Users/danielmaceira/Library/Application Support/Titanium/mobilesdk/osx/2.1.2.GA/android/modules/titanium-ui.jar => ti/modules/titanium/ui/widget/webview/binding.min.js
[DEBUG] from JAR /Users/danielmaceira/Library/Application Support/Titanium/mobilesdk/osx/2.1.2.GA/android/modules/titanium-ui.jar => ti/modules/titanium/ui/widget/webview/json2.js
[DEBUG] from JAR /Users/danielmaceira/Library/Application Support/Titanium/mobilesdk/osx/2.1.2.GA/android/modules/titanium-ui.jar => ti/modules/titanium/ui/widget/webview/polling.js
[DEBUG] from JAR /Users/danielmaceira/Library/Application Support/Titanium/mobilesdk/osx/2.1.2.GA/android/modules/titanium-ui.jar => ti/modules/titanium/ui/widget/webview/polling.min.js
[DEBUG] from JAR /Users/danielmaceira/Library/Application Support/Titanium/mobilesdk/osx/2.1.2.GA/android/titanium.jar => org/appcelerator/titanium/build.properties
[DEBUG] from JAR /Users/danielmaceira/Library/Application Support/Titanium/mobilesdk/osx/2.1.2.GA/android/titanium.jar => org/appcelerator/titanium/res/drawable/background.png
[DEBUG] from JAR /Users/danielmaceira/Library/Application Support/Titanium/mobilesdk/osx/2.1.2.GA/android/titanium.jar => org/appcelerator/titanium/res/drawable/btn_check_buttonless_on.png
[DEBUG] from JAR /Users/danielmaceira/Library/Application Support/Titanium/mobilesdk/osx/2.1.2.GA/android/titanium.jar => org/appcelerator/titanium/res/drawable/btn_check_buttonless_on_18.png
[DEBUG] from JAR /Users/danielmaceira/Library/Application Support/Titanium/mobilesdk/osx/2.1.2.GA/android/titanium.jar => org/appcelerator/titanium/res/drawable/btn_check_buttonless_on_48.png
[DEBUG] from JAR /Users/danielmaceira/Library/Application Support/Titanium/mobilesdk/osx/2.1.2.GA/android/titanium.jar => org/appcelerator/titanium/res/drawable/btn_more.png
[DEBUG] from JAR /Users/danielmaceira/Library/Application Support/Titanium/mobilesdk/osx/2.1.2.GA/android/titanium.jar => org/appcelerator/titanium/res/drawable/btn_more_18.png
[DEBUG] from JAR /Users/danielmaceira/Library/Application Support/Titanium/mobilesdk/osx/2.1.2.GA/android/titanium.jar => org/appcelerator/titanium/res/drawable/btn_more_48.png
[DEBUG] from JAR /Users/danielmaceira/Library/Application Support/Titanium/mobilesdk/osx/2.1.2.GA/android/titanium.jar => org/appcelerator/titanium/res/drawable/btn_picker_normal.9.png
[DEBUG] from JAR /Users/danielmaceira/Library/Application Support/Titanium/mobilesdk/osx/2.1.2.GA/android/titanium.jar => org/appcelerator/titanium/res/drawable/btn_picker_pressed.9.png
[DEBUG] from JAR /Users/danielmaceira/Library/Application Support/Titanium/mobilesdk/osx/2.1.2.GA/android/titanium.jar => org/appcelerator/titanium/res/drawable/btn_picker_selected.9.png
[DEBUG] from JAR /Users/danielmaceira/Library/Application Support/Titanium/mobilesdk/osx/2.1.2.GA/android/titanium.jar => org/appcelerator/titanium/res/drawable/default_icon.png
[DEBUG] from JAR /Users/danielmaceira/Library/Application Support/Titanium/mobilesdk/osx/2.1.2.GA/android/titanium.jar => org/appcelerator/titanium/res/drawable/photoDefault.png
[DEBUG] installing native SDK libs
[DEBUG] Waiting for device to be ready ...
[TRACE] adb devices returned 1 devices/emulators
[DEBUG] Device connected... (waited 0 seconds)
[DEBUG] waited 0.013105 seconds on emulator to get ready
[INFO] Installing application on device
[INFO] Application installed. Launch from drawer on Home Screen
